<?xml version="1.0" encoding="UTF-8"?>
<testsuite xmlns:xsi="http://www.w3.org/2001/XMLSchema-instance" xsi:noNamespaceSchemaLocation="https://maven.apache.org/surefire/maven-surefire-plugin/xsd/surefire-test-report-3.0.xsd" version="3.0" name="notes.security.SecurityTests" time="4.295" tests="5" errors="0" skipped="0" failures="0">
  <properties>
[...]
</properties>
  <testcase name="userTryesToAccessAdmin" classname="notes.security.SecurityTests" time="0.932">
    <system-out><![CDATA[Hibernate: 
    alter table if exists Note_users 
       drop constraint if exists FK2mm3shueu8vw7a60pm4wwq5lq
Hibernate: 
    alter table if exists Note_users 
       drop constraint if exists FK1k56vaugtcfw6bu4tuo7g2xo5
Hibernate: 
    alter table if exists user_roles 
       drop constraint if exists FK53v9b6vwc56nm9llvcdhs8y8f
Hibernate: 
    alter table if exists user_roles 
       drop constraint if exists FKscvbq0n9bo03s7w6ujfyrtg4a
Hibernate: 
    drop table if exists Note cascade
Hibernate: 
    drop table if exists Note_users cascade
Hibernate: 
    drop table if exists role cascade
Hibernate: 
    drop table if exists user_roles cascade
Hibernate: 
    drop table if exists users cascade
Hibernate: 
    create table Note (
        category smallint check (category between 0 and 1),
        date date,
        id serial not null,
        lastEditDate date,
        content varchar(255),
        title varchar(255),
        primary key (id)
    )
Hibernate: 
    create table Note_users (
        notes_id integer not null,
        users_email varchar(255) not null,
        primary key (notes_id, users_email)
    )
Hibernate: 
    create table role (
        name varchar(255) not null,
        primary key (name)
    )
Hibernate: 
    create table user_roles (
        role_name varchar(255) not null,
        user_name varchar(255) not null,
        primary key (role_name, user_name)
    )
Hibernate: 
    create table users (
        email varchar(255) not null,
        password varchar(255),
        primary key (email)
    )
Hibernate: 
    alter table if exists Note_users 
       add constraint FK2mm3shueu8vw7a60pm4wwq5lq 
       foreign key (users_email) 
       references users
Hibernate: 
    alter table if exists Note_users 
       add constraint FK1k56vaugtcfw6bu4tuo7g2xo5 
       foreign key (notes_id) 
       references Note
Hibernate: 
    alter table if exists user_roles 
       add constraint FK53v9b6vwc56nm9llvcdhs8y8f 
       foreign key (role_name) 
       references role
Hibernate: 
    alter table if exists user_roles 
       add constraint FKscvbq0n9bo03s7w6ujfyrtg4a 
       foreign key (user_name) 
       references users
Hibernate: 
    /* DELETE 
    FROM
        Note n */ delete 
    from
        Note_users
Hibernate: 
    /* DELETE 
    FROM
        Note n */ delete 
    from
        Note
Hibernate: 
    /* dynamic native SQL query */ ALTER SEQUENCE note_id_seq RESTART WITH 1
Hibernate: 
    /* insert for
        notes.ressources.Note */insert 
    into
        Note (category,content,date,lastEditDate,title) 
    values
        (?,?,?,?,?)
Hibernate: 
    /* insert for
        notes.ressources.Note */insert 
    into
        Note (category,content,date,lastEditDate,title) 
    values
        (?,?,?,?,?)
Hibernate: 
    /* insert for
        notes.ressources.Note */insert 
    into
        Note (category,content,date,lastEditDate,title) 
    values
        (?,?,?,?,?)
Hibernate: 
    /* insert for
        notes.ressources.Note */insert 
    into
        Note (category,content,date,lastEditDate,title) 
    values
        (?,?,?,?,?)
Hibernate: 
    /* DELETE 
    FROM
        User */ delete 
    from
        Note_users
Hibernate: 
    /* DELETE 
    FROM
        User */ delete 
    from
        user_roles
Hibernate: 
    /* DELETE 
    FROM
        User */ delete 
    from
        users
Hibernate: 
    /* DELETE 
    FROM
        Role */ delete 
    from
        user_roles
Hibernate: 
    /* DELETE 
    FROM
        Role */ delete 
    from
        role
Hibernate: 
    /* insert for
        notes.ressources.Role */insert 
    into
        role (name) 
    values
        (?)
Hibernate: 
    /* insert for
        notes.ressources.Role */insert 
    into
        role (name) 
    values
        (?)
Hibernate: 
    /* insert for
        notes.ressources.User */insert 
    into
        users (password,email) 
    values
        (?,?)
Hibernate: 
    /* insert for
        notes.ressources.User */insert 
    into
        users (password,email) 
    values
        (?,?)
Hibernate: 
    /* insert for
        notes.ressources.Note.users */insert 
    into
        Note_users (notes_id,users_email) 
    values
        (?,?)
Hibernate: 
    /* insert for
        notes.ressources.Note.users */insert 
    into
        Note_users (notes_id,users_email) 
    values
        (?,?)
Hibernate: 
    /* insert for
        notes.ressources.User.roles */insert 
    into
        user_roles (user_name,role_name) 
    values
        (?,?)
Hibernate: 
    /* insert for
        notes.ressources.User.roles */insert 
    into
        user_roles (user_name,role_name) 
    values
        (?,?)
USER IN LOGIN: UserDTO(email=user, password=user, roles=null)
Hibernate: 
    select
        u1_0.email,
        n1_0.users_email,
        n1_1.id,
        n1_1.category,
        n1_1.content,
        n1_1.date,
        n1_1.lastEditDate,
        n1_1.title,
        u1_0.password,
        r1_0.user_name,
        r1_1.name 
    from
        users u1_0 
    left join
        (Note_users n1_0 
    join
        Note n1_1 
            on n1_1.id=n1_0.notes_id) 
                on u1_0.email=n1_0.users_email 
        left join
            (user_roles r1_0 
        join
            role r1_1 
                on r1_1.name=r1_0.role_name) 
                    on u1_0.email=r1_0.user_name 
            where
                u1_0.email=?
Hibernate: 
    select
        u1_0.notes_id,
        u1_1.email,
        u1_1.password,
        r1_0.user_name,
        r1_1.name 
    from
        Note_users u1_0 
    join
        users u1_1 
            on u1_1.email=u1_0.users_email 
    left join
        (user_roles r1_0 
    join
        role r1_1 
            on r1_1.name=r1_0.role_name) 
                on u1_1.email=r1_0.user_name 
        where
            u1_0.notes_id=?
Hibernate: 
    select
        u1_0.role_name,
        u1_1.email,
        n1_0.users_email,
        n1_1.id,
        n1_1.category,
        n1_1.content,
        n1_1.date,
        n1_1.lastEditDate,
        n1_1.title,
        u1_1.password 
    from
        user_roles u1_0 
    join
        users u1_1 
            on u1_1.email=u1_0.user_name 
    left join
        (Note_users n1_0 
    join
        Note n1_1 
            on n1_1.id=n1_0.notes_id) 
                on u1_1.email=n1_0.users_email 
        where
            u1_0.role_name=?
Hibernate: 
    select
        u1_0.notes_id,
        u1_1.email,
        u1_1.password,
        r1_0.user_name,
        r1_1.name 
    from
        Note_users u1_0 
    join
        users u1_1 
            on u1_1.email=u1_0.users_email 
    left join
        (user_roles r1_0 
    join
        role r1_1 
            on r1_1.name=r1_0.role_name) 
                on u1_1.email=r1_0.user_name 
        where
            u1_0.notes_id=?
HTTP/1.1 200 OK
Date: Thu, 30 May 2024 21:08:07 GMT
Content-Type: application/json
Content-Length: 211

{"token":"eyJhbGciOiJIUzI1NiJ9.eyJpc3MiOiJEYXZpZCBBamtlbiBIYW5zZW4iLCJzdWIiOiJ1c2VyIiwiZXhwIjoxNzE3MTA1MDg3LCJlbWFpbCI6InVzZXIiLCJyb2xlcyI6Iix1c2VyIn0.e5i1_otp2wkE-EOfTvql-7XofqQNcpY87EghcJhNIOk","email":"user"}
USER IN AUTHENTICATE: UserDTO(email=user, password=null, roles=[, user])
USER IN CHECK_SEC_ROLES: UserDTO(email=user, password=null, roles=[, user])
Date: Thu, 30 May 2024 21:08:07 GMT
Content-Type: application/json
Content-Length: 51
{
    "errrorMessage": "Unauthorized with roles: [USER]"
}
]]></system-out>
    <system-err><![CDATA[May 30, 2024 11:08:04 PM org.hibernate.Version logVersion
INFO: HHH000412: Hibernate ORM core version 6.2.4.Final
May 30, 2024 11:08:04 PM org.hibernate.cfg.Environment <clinit>
INFO: HHH000406: Using bytecode reflection optimizer
May 30, 2024 11:08:04 PM org.hibernate.engine.jdbc.connections.internal.DriverManagerConnectionProviderImpl configure
WARN: HHH10001002: Using built-in connection pool (not intended for production use)
May 30, 2024 11:08:04 PM org.hibernate.engine.jdbc.connections.internal.DriverManagerConnectionProviderImpl buildCreator
INFO: HHH10001005: Loaded JDBC driver class: org.testcontainers.jdbc.ContainerDatabaseDriver
May 30, 2024 11:08:04 PM org.hibernate.engine.jdbc.connections.internal.DriverManagerConnectionProviderImpl buildCreator
INFO: HHH10001012: Connecting with JDBC URL [jdbc:tc:postgresql:15.3-alpine3.18:///test_db]
May 30, 2024 11:08:04 PM org.hibernate.engine.jdbc.connections.internal.DriverManagerConnectionProviderImpl buildCreator
INFO: HHH10001001: Connection properties: {password=****, user=postgres}
May 30, 2024 11:08:04 PM org.hibernate.engine.jdbc.connections.internal.DriverManagerConnectionProviderImpl buildCreator
INFO: HHH10001003: Autocommit mode: false
May 30, 2024 11:08:04 PM org.hibernate.engine.jdbc.connections.internal.DriverManagerConnectionProviderImpl$PooledConnections <init>
INFO: HHH10001115: Connection pool size: 20 (min=1)
[main] INFO org.testcontainers.images.PullPolicy - Image pull policy will be performed by: DefaultPullPolicy()
[main] INFO org.testcontainers.utility.ImageNameSubstitutor - Image name substitution will be performed by: DefaultImageNameSubstitutor (composite of 'ConfigurationFileImageNameSubstitutor' and 'PrefixingImageNameSubstitutor')
[main] INFO org.testcontainers.dockerclient.DockerClientProviderStrategy - Loaded org.testcontainers.dockerclient.UnixSocketClientProviderStrategy from ~/.testcontainers.properties, will try it first
[main] INFO org.testcontainers.dockerclient.DockerClientProviderStrategy - Found Docker environment with local Unix socket (unix:///var/run/docker.sock)
[main] INFO org.testcontainers.DockerClientFactory - Docker host IP address is localhost
[main] INFO org.testcontainers.DockerClientFactory - Connected to docker: 
  Server Version: 25.0.3
  API Version: 1.44
  Operating System: Docker Desktop
  Total Memory: 7841 MB
[main] INFO tc.testcontainers/ryuk:0.6.0 - Creating container for image: testcontainers/ryuk:0.6.0
[main] INFO org.testcontainers.utility.RegistryAuthLocator - Credential helper/store (docker-credential-desktop) does not have credentials for https://index.docker.io/v1/
[main] INFO tc.testcontainers/ryuk:0.6.0 - Container testcontainers/ryuk:0.6.0 is starting: fd2873026542f84dc0456f3bd94fad7bb976f6202786e460e3e84d1f2d04e04f
[main] INFO tc.testcontainers/ryuk:0.6.0 - Container testcontainers/ryuk:0.6.0 started in PT0.357043S
[main] INFO org.testcontainers.utility.RyukResourceReaper - Ryuk started - will monitor and terminate Testcontainers containers on JVM exit
[main] INFO org.testcontainers.DockerClientFactory - Checking the system...
[main] INFO org.testcontainers.DockerClientFactory - ✔︎ Docker server version should be at least 1.6.0
[main] INFO tc.postgres:15.3-alpine3.18 - Creating container for image: postgres:15.3-alpine3.18
[main] INFO tc.postgres:15.3-alpine3.18 - Container postgres:15.3-alpine3.18 is starting: e4e3312078015ba1bebbf9dfb913e8c40cae860da72c329d916052d04026f369
[main] INFO tc.postgres:15.3-alpine3.18 - Container postgres:15.3-alpine3.18 started in PT0.770236S
[main] INFO tc.postgres:15.3-alpine3.18 - Container is started (JDBC URL: jdbc:postgresql://localhost:57043/test?loggerLevel=OFF)
May 30, 2024 11:08:06 PM org.hibernate.bytecode.internal.BytecodeProviderInitiator buildBytecodeProvider
INFO: HHH000021: Bytecode provider name : bytebuddy
May 30, 2024 11:08:06 PM org.hibernate.resource.transaction.backend.jdbc.internal.DdlTransactionIsolatorNonJtaImpl getIsolatedConnection
INFO: HHH10001501: Connection obtained from JdbcConnectionAccess [org.hibernate.engine.jdbc.env.internal.JdbcEnvironmentInitiator$ConnectionProviderJdbcConnectionAccess@d978ab9] for (non-JTA) DDL execution was not in auto-commit mode; the Connection 'local transaction' will be committed and the Connection will be set into auto-commit mode.
May 30, 2024 11:08:06 PM org.hibernate.engine.jdbc.spi.SqlExceptionHelper$StandardWarningHandler logWarning
WARN: SQL Warning Code: 0, SQLState: 00000
May 30, 2024 11:08:06 PM org.hibernate.engine.jdbc.spi.SqlExceptionHelper$StandardWarningHandler logWarning
WARN: relation "note_users" does not exist, skipping
May 30, 2024 11:08:06 PM org.hibernate.engine.jdbc.spi.SqlExceptionHelper$StandardWarningHandler logWarning
WARN: SQL Warning Code: 0, SQLState: 00000
May 30, 2024 11:08:06 PM org.hibernate.engine.jdbc.spi.SqlExceptionHelper$StandardWarningHandler logWarning
WARN: relation "note_users" does not exist, skipping
May 30, 2024 11:08:06 PM org.hibernate.engine.jdbc.spi.SqlExceptionHelper$StandardWarningHandler logWarning
WARN: SQL Warning Code: 0, SQLState: 00000
May 30, 2024 11:08:06 PM org.hibernate.engine.jdbc.spi.SqlExceptionHelper$StandardWarningHandler logWarning
WARN: relation "user_roles" does not exist, skipping
May 30, 2024 11:08:06 PM org.hibernate.engine.jdbc.spi.SqlExceptionHelper$StandardWarningHandler logWarning
WARN: SQL Warning Code: 0, SQLState: 00000
May 30, 2024 11:08:06 PM org.hibernate.engine.jdbc.spi.SqlExceptionHelper$StandardWarningHandler logWarning
WARN: relation "user_roles" does not exist, skipping
May 30, 2024 11:08:06 PM org.hibernate.engine.jdbc.spi.SqlExceptionHelper$StandardWarningHandler logWarning
WARN: SQL Warning Code: 0, SQLState: 00000
May 30, 2024 11:08:06 PM org.hibernate.engine.jdbc.spi.SqlExceptionHelper$StandardWarningHandler logWarning
WARN: table "note" does not exist, skipping
May 30, 2024 11:08:06 PM org.hibernate.engine.jdbc.spi.SqlExceptionHelper$StandardWarningHandler logWarning
WARN: SQL Warning Code: 0, SQLState: 00000
May 30, 2024 11:08:06 PM org.hibernate.engine.jdbc.spi.SqlExceptionHelper$StandardWarningHandler logWarning
WARN: table "note_users" does not exist, skipping
May 30, 2024 11:08:06 PM org.hibernate.engine.jdbc.spi.SqlExceptionHelper$StandardWarningHandler logWarning
WARN: SQL Warning Code: 0, SQLState: 00000
May 30, 2024 11:08:06 PM org.hibernate.engine.jdbc.spi.SqlExceptionHelper$StandardWarningHandler logWarning
WARN: table "role" does not exist, skipping
May 30, 2024 11:08:06 PM org.hibernate.engine.jdbc.spi.SqlExceptionHelper$StandardWarningHandler logWarning
WARN: SQL Warning Code: 0, SQLState: 00000
May 30, 2024 11:08:06 PM org.hibernate.engine.jdbc.spi.SqlExceptionHelper$StandardWarningHandler logWarning
WARN: table "user_roles" does not exist, skipping
May 30, 2024 11:08:06 PM org.hibernate.engine.jdbc.spi.SqlExceptionHelper$StandardWarningHandler logWarning
WARN: SQL Warning Code: 0, SQLState: 00000
May 30, 2024 11:08:06 PM org.hibernate.engine.jdbc.spi.SqlExceptionHelper$StandardWarningHandler logWarning
WARN: table "users" does not exist, skipping
May 30, 2024 11:08:06 PM org.hibernate.resource.transaction.backend.jdbc.internal.DdlTransactionIsolatorNonJtaImpl getIsolatedConnection
INFO: HHH10001501: Connection obtained from JdbcConnectionAccess [org.hibernate.engine.jdbc.env.internal.JdbcEnvironmentInitiator$ConnectionProviderJdbcConnectionAccess@199806aa] for (non-JTA) DDL execution was not in auto-commit mode; the Connection 'local transaction' will be committed and the Connection will be set into auto-commit mode.
[main] INFO io.javalin.Javalin - Starting Javalin ...
[main] INFO org.eclipse.jetty.server.Server - jetty-11.0.15; built: 2023-04-11T18:37:53.775Z; git: 5bc5e562c8d05c5862505aebe5cf83a61bdbcb96; jvm 21.0.3
[main] INFO org.eclipse.jetty.server.session.DefaultSessionIdManager - Session workerName=node0
[main] INFO org.eclipse.jetty.server.handler.ContextHandler - Started i.j.j.@52035328{/api,null,AVAILABLE}
[main] INFO org.eclipse.jetty.server.AbstractConnector - Started ServerConnector@15f11bfb{HTTP/1.1, (http/1.1)}{0.0.0.0:7070}
[main] INFO org.eclipse.jetty.server.Server - Started Server@41bbb219{STARTING}[11.0.15,sto=0] @2650ms
[main] INFO io.javalin.Javalin - 
       __                  ___          ______
      / /___ __   ______ _/ (_)___     / ____/
 __  / / __ `/ | / / __ `/ / / __ \   /___ \
/ /_/ / /_/ /| |/ / /_/ / / / / / /  ____/ /
\____/\__,_/ |___/\__,_/_/_/_/ /_/  /_____/

       https://javalin.io/documentation

[main] INFO io.javalin.Javalin - Your JDK supports Loom. Javalin will prefer Virtual Threads by default. Disable with `ConcurrencyUtil.useLoom = false`.
[main] INFO io.javalin.Javalin - Listening on http://localhost:7070/api
[main] INFO io.javalin.Javalin - You are running Javalin 5.5.0 (released May 1, 2023. Your Javalin version is 395 days old. Consider checking for a newer version.).
[main] INFO io.javalin.Javalin - Javalin started in 69ms \o/
]]></system-err>
  </testcase>
  <testcase name="login" classname="notes.security.SecurityTests" time="0.24">
    <system-out><![CDATA[Hibernate: 
    /* DELETE 
    FROM
        Note n */ delete 
    from
        Note_users
Hibernate: 
    /* DELETE 
    FROM
        Note n */ delete 
    from
        Note
Hibernate: 
    /* dynamic native SQL query */ ALTER SEQUENCE note_id_seq RESTART WITH 1
Hibernate: 
    /* insert for
        notes.ressources.Note */insert 
    into
        Note (category,content,date,lastEditDate,title) 
    values
        (?,?,?,?,?)
Hibernate: 
    /* insert for
        notes.ressources.Note */insert 
    into
        Note (category,content,date,lastEditDate,title) 
    values
        (?,?,?,?,?)
Hibernate: 
    /* insert for
        notes.ressources.Note */insert 
    into
        Note (category,content,date,lastEditDate,title) 
    values
        (?,?,?,?,?)
Hibernate: 
    /* insert for
        notes.ressources.Note */insert 
    into
        Note (category,content,date,lastEditDate,title) 
    values
        (?,?,?,?,?)
Hibernate: 
    /* DELETE 
    FROM
        User */ delete 
    from
        Note_users
Hibernate: 
    /* DELETE 
    FROM
        User */ delete 
    from
        user_roles
Hibernate: 
    /* DELETE 
    FROM
        User */ delete 
    from
        users
Hibernate: 
    /* DELETE 
    FROM
        Role */ delete 
    from
        user_roles
Hibernate: 
    /* DELETE 
    FROM
        Role */ delete 
    from
        role
Hibernate: 
    /* insert for
        notes.ressources.Role */insert 
    into
        role (name) 
    values
        (?)
Hibernate: 
    /* insert for
        notes.ressources.Role */insert 
    into
        role (name) 
    values
        (?)
Hibernate: 
    /* insert for
        notes.ressources.User */insert 
    into
        users (password,email) 
    values
        (?,?)
Hibernate: 
    /* insert for
        notes.ressources.User */insert 
    into
        users (password,email) 
    values
        (?,?)
Hibernate: 
    /* insert for
        notes.ressources.Note.users */insert 
    into
        Note_users (notes_id,users_email) 
    values
        (?,?)
Hibernate: 
    /* insert for
        notes.ressources.Note.users */insert 
    into
        Note_users (notes_id,users_email) 
    values
        (?,?)
Hibernate: 
    /* insert for
        notes.ressources.User.roles */insert 
    into
        user_roles (user_name,role_name) 
    values
        (?,?)
Hibernate: 
    /* insert for
        notes.ressources.User.roles */insert 
    into
        user_roles (user_name,role_name) 
    values
        (?,?)
USER IN LOGIN: UserDTO(email=user, password=user, roles=null)
Hibernate: 
    select
        u1_0.email,
        n1_0.users_email,
        n1_1.id,
        n1_1.category,
        n1_1.content,
        n1_1.date,
        n1_1.lastEditDate,
        n1_1.title,
        u1_0.password,
        r1_0.user_name,
        r1_1.name 
    from
        users u1_0 
    left join
        (Note_users n1_0 
    join
        Note n1_1 
            on n1_1.id=n1_0.notes_id) 
                on u1_0.email=n1_0.users_email 
        left join
            (user_roles r1_0 
        join
            role r1_1 
                on r1_1.name=r1_0.role_name) 
                    on u1_0.email=r1_0.user_name 
            where
                u1_0.email=?
Hibernate: 
    select
        u1_0.notes_id,
        u1_1.email,
        u1_1.password,
        r1_0.user_name,
        r1_1.name 
    from
        Note_users u1_0 
    join
        users u1_1 
            on u1_1.email=u1_0.users_email 
    left join
        (user_roles r1_0 
    join
        role r1_1 
            on r1_1.name=r1_0.role_name) 
                on u1_1.email=r1_0.user_name 
        where
            u1_0.notes_id=?
Hibernate: 
    select
        u1_0.role_name,
        u1_1.email,
        n1_0.users_email,
        n1_1.id,
        n1_1.category,
        n1_1.content,
        n1_1.date,
        n1_1.lastEditDate,
        n1_1.title,
        u1_1.password 
    from
        user_roles u1_0 
    join
        users u1_1 
            on u1_1.email=u1_0.user_name 
    left join
        (Note_users n1_0 
    join
        Note n1_1 
            on n1_1.id=n1_0.notes_id) 
                on u1_1.email=n1_0.users_email 
        where
            u1_0.role_name=?
Hibernate: 
    select
        u1_0.notes_id,
        u1_1.email,
        u1_1.password,
        r1_0.user_name,
        r1_1.name 
    from
        Note_users u1_0 
    join
        users u1_1 
            on u1_1.email=u1_0.users_email 
    left join
        (user_roles r1_0 
    join
        role r1_1 
            on r1_1.name=r1_0.role_name) 
                on u1_1.email=r1_0.user_name 
        where
            u1_0.notes_id=?
{
    "token": "eyJhbGciOiJIUzI1NiJ9.eyJpc3MiOiJEYXZpZCBBamtlbiBIYW5zZW4iLCJzdWIiOiJ1c2VyIiwiZXhwIjoxNzE3MTA1MDg3LCJlbWFpbCI6InVzZXIiLCJyb2xlcyI6Iix1c2VyIn0.e5i1_otp2wkE-EOfTvql-7XofqQNcpY87EghcJhNIOk",
    "email": "user"
}
]]></system-out>
  </testcase>
  <testcase name="protectedAdmin" classname="notes.security.SecurityTests" time="0.234">
    <system-out><![CDATA[Hibernate: 
    /* DELETE 
    FROM
        Note n */ delete 
    from
        Note_users
Hibernate: 
    /* DELETE 
    FROM
        Note n */ delete 
    from
        Note
Hibernate: 
    /* dynamic native SQL query */ ALTER SEQUENCE note_id_seq RESTART WITH 1
Hibernate: 
    /* insert for
        notes.ressources.Note */insert 
    into
        Note (category,content,date,lastEditDate,title) 
    values
        (?,?,?,?,?)
Hibernate: 
    /* insert for
        notes.ressources.Note */insert 
    into
        Note (category,content,date,lastEditDate,title) 
    values
        (?,?,?,?,?)
Hibernate: 
    /* insert for
        notes.ressources.Note */insert 
    into
        Note (category,content,date,lastEditDate,title) 
    values
        (?,?,?,?,?)
Hibernate: 
    /* insert for
        notes.ressources.Note */insert 
    into
        Note (category,content,date,lastEditDate,title) 
    values
        (?,?,?,?,?)
Hibernate: 
    /* DELETE 
    FROM
        User */ delete 
    from
        Note_users
Hibernate: 
    /* DELETE 
    FROM
        User */ delete 
    from
        user_roles
Hibernate: 
    /* DELETE 
    FROM
        User */ delete 
    from
        users
Hibernate: 
    /* DELETE 
    FROM
        Role */ delete 
    from
        user_roles
Hibernate: 
    /* DELETE 
    FROM
        Role */ delete 
    from
        role
Hibernate: 
    /* insert for
        notes.ressources.Role */insert 
    into
        role (name) 
    values
        (?)
Hibernate: 
    /* insert for
        notes.ressources.Role */insert 
    into
        role (name) 
    values
        (?)
Hibernate: 
    /* insert for
        notes.ressources.User */insert 
    into
        users (password,email) 
    values
        (?,?)
Hibernate: 
    /* insert for
        notes.ressources.User */insert 
    into
        users (password,email) 
    values
        (?,?)
Hibernate: 
    /* insert for
        notes.ressources.Note.users */insert 
    into
        Note_users (notes_id,users_email) 
    values
        (?,?)
Hibernate: 
    /* insert for
        notes.ressources.Note.users */insert 
    into
        Note_users (notes_id,users_email) 
    values
        (?,?)
Hibernate: 
    /* insert for
        notes.ressources.User.roles */insert 
    into
        user_roles (user_name,role_name) 
    values
        (?,?)
Hibernate: 
    /* insert for
        notes.ressources.User.roles */insert 
    into
        user_roles (user_name,role_name) 
    values
        (?,?)
USER IN LOGIN: UserDTO(email=admin, password=admin, roles=null)
Hibernate: 
    select
        u1_0.email,
        n1_0.users_email,
        n1_1.id,
        n1_1.category,
        n1_1.content,
        n1_1.date,
        n1_1.lastEditDate,
        n1_1.title,
        u1_0.password,
        r1_0.user_name,
        r1_1.name 
    from
        users u1_0 
    left join
        (Note_users n1_0 
    join
        Note n1_1 
            on n1_1.id=n1_0.notes_id) 
                on u1_0.email=n1_0.users_email 
        left join
            (user_roles r1_0 
        join
            role r1_1 
                on r1_1.name=r1_0.role_name) 
                    on u1_0.email=r1_0.user_name 
            where
                u1_0.email=?
Hibernate: 
    select
        u1_0.role_name,
        u1_1.email,
        n1_0.users_email,
        n1_1.id,
        n1_1.category,
        n1_1.content,
        n1_1.date,
        n1_1.lastEditDate,
        n1_1.title,
        u1_1.password 
    from
        user_roles u1_0 
    join
        users u1_1 
            on u1_1.email=u1_0.user_name 
    left join
        (Note_users n1_0 
    join
        Note n1_1 
            on n1_1.id=n1_0.notes_id) 
                on u1_1.email=n1_0.users_email 
        where
            u1_0.role_name=?
USER IN AUTHENTICATE: UserDTO(email=admin, password=null, roles=[, admin])
USER IN CHECK_SEC_ROLES: UserDTO(email=admin, password=null, roles=[, admin])
{
    "msg": "Hello from ADMIN Protected"
}
]]></system-out>
  </testcase>
  <testcase name="createUser" classname="notes.security.SecurityTests" time="0.227">
    <system-out><![CDATA[Hibernate: 
    /* DELETE 
    FROM
        Note n */ delete 
    from
        Note_users
Hibernate: 
    /* DELETE 
    FROM
        Note n */ delete 
    from
        Note
Hibernate: 
    /* dynamic native SQL query */ ALTER SEQUENCE note_id_seq RESTART WITH 1
Hibernate: 
    /* insert for
        notes.ressources.Note */insert 
    into
        Note (category,content,date,lastEditDate,title) 
    values
        (?,?,?,?,?)
Hibernate: 
    /* insert for
        notes.ressources.Note */insert 
    into
        Note (category,content,date,lastEditDate,title) 
    values
        (?,?,?,?,?)
Hibernate: 
    /* insert for
        notes.ressources.Note */insert 
    into
        Note (category,content,date,lastEditDate,title) 
    values
        (?,?,?,?,?)
Hibernate: 
    /* insert for
        notes.ressources.Note */insert 
    into
        Note (category,content,date,lastEditDate,title) 
    values
        (?,?,?,?,?)
Hibernate: 
    /* DELETE 
    FROM
        User */ delete 
    from
        Note_users
Hibernate: 
    /* DELETE 
    FROM
        User */ delete 
    from
        user_roles
Hibernate: 
    /* DELETE 
    FROM
        User */ delete 
    from
        users
Hibernate: 
    /* DELETE 
    FROM
        Role */ delete 
    from
        user_roles
Hibernate: 
    /* DELETE 
    FROM
        Role */ delete 
    from
        role
Hibernate: 
    /* insert for
        notes.ressources.Role */insert 
    into
        role (name) 
    values
        (?)
Hibernate: 
    /* insert for
        notes.ressources.Role */insert 
    into
        role (name) 
    values
        (?)
Hibernate: 
    /* insert for
        notes.ressources.User */insert 
    into
        users (password,email) 
    values
        (?,?)
Hibernate: 
    /* insert for
        notes.ressources.User */insert 
    into
        users (password,email) 
    values
        (?,?)
Hibernate: 
    /* insert for
        notes.ressources.Note.users */insert 
    into
        Note_users (notes_id,users_email) 
    values
        (?,?)
Hibernate: 
    /* insert for
        notes.ressources.Note.users */insert 
    into
        Note_users (notes_id,users_email) 
    values
        (?,?)
Hibernate: 
    /* insert for
        notes.ressources.User.roles */insert 
    into
        user_roles (user_name,role_name) 
    values
        (?,?)
Hibernate: 
    /* insert for
        notes.ressources.User.roles */insert 
    into
        user_roles (user_name,role_name) 
    values
        (?,?)
Hibernate: 
    select
        r1_0.name,
        u1_0.role_name,
        u1_1.email,
        n1_0.users_email,
        n1_1.id,
        n1_1.category,
        n1_1.content,
        n1_1.date,
        n1_1.lastEditDate,
        n1_1.title,
        u1_1.password 
    from
        role r1_0 
    left join
        (user_roles u1_0 
    join
        users u1_1 
            on u1_1.email=u1_0.user_name) 
                on r1_0.name=u1_0.role_name 
        left join
            (Note_users n1_0 
        join
            Note n1_1 
                on n1_1.id=n1_0.notes_id) 
                    on u1_1.email=n1_0.users_email 
            where
                r1_0.name=?
Hibernate: 
    select
        u1_0.notes_id,
        u1_1.email,
        u1_1.password,
        r1_0.user_name,
        r1_1.name 
    from
        Note_users u1_0 
    join
        users u1_1 
            on u1_1.email=u1_0.users_email 
    left join
        (user_roles r1_0 
    join
        role r1_1 
            on r1_1.name=r1_0.role_name) 
                on u1_1.email=r1_0.user_name 
        where
            u1_0.notes_id=?
Hibernate: 
    select
        u1_0.notes_id,
        u1_1.email,
        u1_1.password,
        r1_0.user_name,
        r1_1.name 
    from
        Note_users u1_0 
    join
        users u1_1 
            on u1_1.email=u1_0.users_email 
    left join
        (user_roles r1_0 
    join
        role r1_1 
            on r1_1.name=r1_0.role_name) 
                on u1_1.email=r1_0.user_name 
        where
            u1_0.notes_id=?
Hibernate: 
    /* insert for
        notes.ressources.User */insert 
    into
        users (password,email) 
    values
        (?,?)
Hibernate: 
    /* insert for
        notes.ressources.User.roles */insert 
    into
        user_roles (user_name,role_name) 
    values
        (?,?)
HTTP/1.1 201 Created
Date: Thu, 30 May 2024 21:08:08 GMT
Content-Type: application/json
Content-Length: 215

{"token":"eyJhbGciOiJIUzI1NiJ9.eyJpc3MiOiJEYXZpZCBBamtlbiBIYW5zZW4iLCJzdWIiOiJ0ZXN0MSIsImV4cCI6MTcxNzEwNTA4OCwiZW1haWwiOiJ0ZXN0MSIsInJvbGVzIjoiLHVzZXIifQ.YeBkpaoFv4Gu5SH3PX0ixL4m7hHEzViTQTwnA3NhJWU","email":"test1"}
]]></system-out>
  </testcase>
  <testcase name="protectedUser" classname="notes.security.SecurityTests" time="0.234">
    <system-out><![CDATA[Hibernate: 
    /* DELETE 
    FROM
        Note n */ delete 
    from
        Note_users
Hibernate: 
    /* DELETE 
    FROM
        Note n */ delete 
    from
        Note
Hibernate: 
    /* dynamic native SQL query */ ALTER SEQUENCE note_id_seq RESTART WITH 1
Hibernate: 
    /* insert for
        notes.ressources.Note */insert 
    into
        Note (category,content,date,lastEditDate,title) 
    values
        (?,?,?,?,?)
Hibernate: 
    /* insert for
        notes.ressources.Note */insert 
    into
        Note (category,content,date,lastEditDate,title) 
    values
        (?,?,?,?,?)
Hibernate: 
    /* insert for
        notes.ressources.Note */insert 
    into
        Note (category,content,date,lastEditDate,title) 
    values
        (?,?,?,?,?)
Hibernate: 
    /* insert for
        notes.ressources.Note */insert 
    into
        Note (category,content,date,lastEditDate,title) 
    values
        (?,?,?,?,?)
Hibernate: 
    /* DELETE 
    FROM
        User */ delete 
    from
        Note_users
Hibernate: 
    /* DELETE 
    FROM
        User */ delete 
    from
        user_roles
Hibernate: 
    /* DELETE 
    FROM
        User */ delete 
    from
        users
Hibernate: 
    /* DELETE 
    FROM
        Role */ delete 
    from
        user_roles
Hibernate: 
    /* DELETE 
    FROM
        Role */ delete 
    from
        role
Hibernate: 
    /* insert for
        notes.ressources.Role */insert 
    into
        role (name) 
    values
        (?)
Hibernate: 
    /* insert for
        notes.ressources.Role */insert 
    into
        role (name) 
    values
        (?)
Hibernate: 
    /* insert for
        notes.ressources.User */insert 
    into
        users (password,email) 
    values
        (?,?)
Hibernate: 
    /* insert for
        notes.ressources.User */insert 
    into
        users (password,email) 
    values
        (?,?)
Hibernate: 
    /* insert for
        notes.ressources.Note.users */insert 
    into
        Note_users (notes_id,users_email) 
    values
        (?,?)
Hibernate: 
    /* insert for
        notes.ressources.Note.users */insert 
    into
        Note_users (notes_id,users_email) 
    values
        (?,?)
Hibernate: 
    /* insert for
        notes.ressources.User.roles */insert 
    into
        user_roles (user_name,role_name) 
    values
        (?,?)
Hibernate: 
    /* insert for
        notes.ressources.User.roles */insert 
    into
        user_roles (user_name,role_name) 
    values
        (?,?)
USER IN LOGIN: UserDTO(email=user, password=user, roles=null)
Hibernate: 
    select
        u1_0.email,
        n1_0.users_email,
        n1_1.id,
        n1_1.category,
        n1_1.content,
        n1_1.date,
        n1_1.lastEditDate,
        n1_1.title,
        u1_0.password,
        r1_0.user_name,
        r1_1.name 
    from
        users u1_0 
    left join
        (Note_users n1_0 
    join
        Note n1_1 
            on n1_1.id=n1_0.notes_id) 
                on u1_0.email=n1_0.users_email 
        left join
            (user_roles r1_0 
        join
            role r1_1 
                on r1_1.name=r1_0.role_name) 
                    on u1_0.email=r1_0.user_name 
            where
                u1_0.email=?
Hibernate: 
    select
        u1_0.notes_id,
        u1_1.email,
        u1_1.password,
        r1_0.user_name,
        r1_1.name 
    from
        Note_users u1_0 
    join
        users u1_1 
            on u1_1.email=u1_0.users_email 
    left join
        (user_roles r1_0 
    join
        role r1_1 
            on r1_1.name=r1_0.role_name) 
                on u1_1.email=r1_0.user_name 
        where
            u1_0.notes_id=?
Hibernate: 
    select
        u1_0.role_name,
        u1_1.email,
        n1_0.users_email,
        n1_1.id,
        n1_1.category,
        n1_1.content,
        n1_1.date,
        n1_1.lastEditDate,
        n1_1.title,
        u1_1.password 
    from
        user_roles u1_0 
    join
        users u1_1 
            on u1_1.email=u1_0.user_name 
    left join
        (Note_users n1_0 
    join
        Note n1_1 
            on n1_1.id=n1_0.notes_id) 
                on u1_1.email=n1_0.users_email 
        where
            u1_0.role_name=?
Hibernate: 
    select
        u1_0.notes_id,
        u1_1.email,
        u1_1.password,
        r1_0.user_name,
        r1_1.name 
    from
        Note_users u1_0 
    join
        users u1_1 
            on u1_1.email=u1_0.users_email 
    left join
        (user_roles r1_0 
    join
        role r1_1 
            on r1_1.name=r1_0.role_name) 
                on u1_1.email=r1_0.user_name 
        where
            u1_0.notes_id=?
USER IN AUTHENTICATE: UserDTO(email=user, password=null, roles=[, user])
USER IN CHECK_SEC_ROLES: UserDTO(email=user, password=null, roles=[, user])
{
    "msg": "Hello from USER Protected"
}
]]></system-out>
  </testcase>
</testsuite>